#
# There is insufficient memory for the Java Runtime Environment to continue.
# Native memory allocation (malloc) failed to allocate 1048576 bytes for AllocateHeap
# Possible reasons:
#   The system is out of physical RAM or swap space
#   The process is running with CompressedOops enabled, and the Java Heap may be blocking the growth of the native heap
# Possible solutions:
#   Reduce memory load on the system
#   Increase physical memory or swap space
#   Check if swap backing store is full
#   Decrease Java heap size (-Xmx/-Xms)
#   Decrease number of Java threads
#   Decrease Java thread stack sizes (-Xss)
#   Set larger code cache with -XX:ReservedCodeCacheSize=
#   JVM is running with Unscaled Compressed Oops mode in which the Java heap is
#     placed in the first 4GB address space. The Java Heap base address is the
#     maximum limit for the native heap growth. Please use -XX:HeapBaseMinAddress
#     to set the Java Heap base and to place the Java Heap above 4GB virtual address.
# This output file may be truncated or incomplete.
#
#  Out of Memory Error (memory/allocation.inline.hpp:61), pid=17732, tid=0x00000000000010ac
#
# JRE version:  (8.0_242-b01) (build )
# Java VM: OpenJDK 64-Bit Server VM (25.242-b01 mixed mode windows-amd64 compressed oops)
# Failed to write core dump. Minidumps are not enabled by default on client versions of Windows
#

---------------  T H R E A D  ---------------

Current thread (0x00000000030d3000):  JavaThread "Unknown thread" [_thread_in_vm, id=4268, stack(0x0000000002f40000,0x0000000003040000)]

Stack: [0x0000000002f40000,0x0000000003040000]
[error occurred during error reporting (printing stack bounds), id 0xc0000005]

Native frames: (J=compiled Java code, j=interpreted, Vv=VM code, C=native code)


---------------  P R O C E S S  ---------------

Java Threads: ( => current thread )

Other Threads:

=>0x00000000030d3000 (exited) JavaThread "Unknown thread" [_thread_in_vm, id=4268, stack(0x0000000002f40000,0x0000000003040000)]

VM state:not at safepoint (normal execution)

VM Mutex/Monitor currently owned by a thread: None

heap address: 0x0000000081e00000, size: 2018 MB, Compressed Oops mode: 32-bit
Narrow klass base: 0x0000000000000000, Narrow klass shift: 3
Compressed class space size: 1073741824 Address: 0x0000000100000000

Heap:
 PSYoungGen      total 38400K, used 665K [0x00000000d5f80000, 0x00000000d8a00000, 0x0000000100000000)
  eden space 33280K, 2% used [0x00000000d5f80000,0x00000000d6026670,0x00000000d8000000)
  from space 5120K, 0% used [0x00000000d8500000,0x00000000d8500000,0x00000000d8a00000)
  to   space 5120K, 0% used [0x00000000d8000000,0x00000000d8000000,0x00000000d8500000)
 ParOldGen       total 87552K, used 0K [0x0000000081e00000, 0x0000000087380000, 0x00000000d5f80000)
  object space 87552K, 0% used [0x0000000081e00000,0x0000000081e00000,0x0000000087380000)
 Metaspace       used 779K, capacity 4480K, committed 4480K, reserved 1056768K
  class space    used 74K, capacity 384K, committed 384K, reserved 1048576K

Card table byte_map: [0x0000000012590000,0x0000000012990000] byte_map_base: 0x0000000012181000

Marking Bits: (ParMarkBitMap*) 0x000000007426f030
 Begin Bits: [0x0000000013040000, 0x0000000014fc8000)
 End Bits:   [0x0000000014fc8000, 0x0000000016f50000)

Polling page: 0x0000000001690000

CodeCache: size=245760Kb used=328Kb max_used=328Kb free=245431Kb
 bounds [0x00000000031d0000, 0x0000000003440000, 0x00000000121d0000]
 total_blobs=57 nmethods=0 adapters=38
 compilation: enabled

Compilation events (0 events):
No events

GC Heap History (0 events):
No events

Deoptimization events (0 events):
No events

Classes redefined (0 events):
No events

Internal exceptions (0 events):
No events

Events (10 events):
Event: 0.022 loading class java/lang/Short
Event: 0.022 loading class java/lang/Short done
Event: 0.022 loading class java/lang/Integer
Event: 0.022 loading class java/lang/Integer done
Event: 0.022 loading class java/lang/Long
Event: 0.022 loading class java/lang/Long done
Event: 0.023 loading class java/lang/NullPointerException
Event: 0.023 loading class java/lang/NullPointerException done
Event: 0.023 loading class java/lang/ArithmeticException
Event: 0.023 loading class java/lang/ArithmeticException done


Dynamic libraries:
0x00007ff79b1a0000 - 0x00007ff79b1d1000 	C:\Program Files\Android\Android Studio\jre\jre\bin\java.exe
0x00007ff94a7b0000 - 0x00007ff94a9a5000 	C:\WINDOWS\SYSTEM32\ntdll.dll
0x00007ff948fb0000 - 0x00007ff94906d000 	C:\WINDOWS\System32\KERNEL32.DLL
0x00007ff948140000 - 0x00007ff948408000 	C:\WINDOWS\System32\KERNELBASE.dll
0x00007ff949ba0000 - 0x00007ff949c4c000 	C:\WINDOWS\System32\ADVAPI32.dll
0x00007ff9492b0000 - 0x00007ff94934e000 	C:\WINDOWS\System32\msvcrt.dll
0x00007ff9489a0000 - 0x00007ff948a3b000 	C:\WINDOWS\System32\sechost.dll
0x00007ff948810000 - 0x00007ff94893b000 	C:\WINDOWS\System32\RPCRT4.dll
0x00007ff948b50000 - 0x00007ff948cf0000 	C:\WINDOWS\System32\USER32.dll
0x00007ff948110000 - 0x00007ff948132000 	C:\WINDOWS\System32\win32u.dll
0x00007ff949070000 - 0x00007ff94909a000 	C:\WINDOWS\System32\GDI32.dll
0x00007ff9486b0000 - 0x00007ff9487bb000 	C:\WINDOWS\System32\gdi32full.dll
0x00007ff947f70000 - 0x00007ff94800d000 	C:\WINDOWS\System32\msvcp_win.dll
0x00007ff948010000 - 0x00007ff948110000 	C:\WINDOWS\System32\ucrtbase.dll
0x00007ff936a10000 - 0x00007ff936caa000 	C:\WINDOWS\WinSxS\amd64_microsoft.windows.common-controls_6595b64144ccf1df_6.0.19041.844_none_ca00b6081b84eb1d\COMCTL32.dll
0x00007ff948e20000 - 0x00007ff948e50000 	C:\WINDOWS\System32\IMM32.DLL
0x00000000738e0000 - 0x00000000739b2000 	C:\Program Files\Android\Android Studio\jre\jre\bin\msvcr100.dll
0x0000000073aa0000 - 0x00000000742eb000 	C:\Program Files\Android\Android Studio\jre\jre\bin\server\jvm.dll
0x00007ff949c50000 - 0x00007ff949c58000 	C:\WINDOWS\System32\PSAPI.DLL
0x00007ff92e920000 - 0x00007ff92e929000 	C:\WINDOWS\SYSTEM32\WSOCK32.dll
0x00007ff93b080000 - 0x00007ff93b0a7000 	C:\WINDOWS\SYSTEM32\WINMM.dll
0x00007ff93bf50000 - 0x00007ff93bf5a000 	C:\WINDOWS\SYSTEM32\VERSION.dll
0x00007ff949e50000 - 0x00007ff949ebb000 	C:\WINDOWS\System32\WS2_32.dll
0x00007ff9264d0000 - 0x00007ff9264df000 	C:\Program Files\Android\Android Studio\jre\jre\bin\verify.dll
0x00007ff925390000 - 0x00007ff9253b9000 	C:\Program Files\Android\Android Studio\jre\jre\bin\java.dll
0x00007ff924e70000 - 0x00007ff924e86000 	C:\Program Files\Android\Android Studio\jre\jre\bin\zip.dll

VM Arguments:
java_command: org.jetbrains.kotlin.cli.jvm.K2JVMCompiler @D:\SCHOOL\SIL2\S2\TDM1\projet_tdm_patient\app\build\20210614_7332452559264877817.compiler.options
java_class_path (initial): C:\Users\ben\.gradle\caches\modules-2\files-2.1\org.jetbrains.kotlin\kotlin-compiler-embeddable\1.4.32\b4fc9be460ca88eecea2303e142ce2920bd14775\kotlin-compiler-embeddable-1.4.32.jar;C:\Users\ben\.gradle\caches\modules-2\files-2.1\org.jetbrains.kotlin\kotlin-reflect\1.4.32\ce852b166d97f0f1991b5130c2bb02e2ef6c554e\kotlin-reflect-1.4.32.jar;C:\Users\ben\.gradle\caches\modules-2\files-2.1\org.jetbrains.kotlin\kotlin-stdlib\1.4.32\461367948840adbb0839c51d91ed74ef4a9ccb52\kotlin-stdlib-1.4.32.jar;C:\Users\ben\.gradle\caches\modules-2\files-2.1\org.jetbrains.kotlin\kotlin-script-runtime\1.4.32\bac50b0748be017dbc13fc1cb7231b1c9da0e106\kotlin-script-runtime-1.4.32.jar;C:\Users\ben\.gradle\caches\modules-2\files-2.1\org.jetbrains.kotlin\kotlin-daemon-embeddable\1.4.32\b40c5de5adea26ebb4e5fc36945c482ac20acee2\kotlin-daemon-embeddable-1.4.32.jar;C:\Users\ben\.gradle\caches\modules-2\files-2.1\org.jetbrains.intellij.deps\trove4j\1.0.20181211\216c2e14b070f334479d800987affe4054cd563f\trove4j-1.0.20181211.jar;C:\Users\ben\.gradle\caches\modules-2\files-2.1\org.jetbrains.kotlin\kotlin-stdlib-common\1.4.32\ef50bfa2c0491a11dcc35d9822edbfd6170e1ea2\kotlin-stdlib-common-1.4.32.jar;C:\Users\ben\.gradle\caches\modules-2\files-2.1\org.jetbrains\annotations\13.0\919f0dfe192fb4e063e7dacadee7f8bb9a2672a9\annotations-13.0.jar;C:\Program Files\Android\Android Studio\jre\lib\tools.jar
Launcher Type: SUN_STANDARD

Environment Variables:
JAVA_HOME=C:\Program Files\Java\jdk-10.0.2
PATH=C:\Users\ben\AppData\Local\Programs\Python\Python39\Scripts\;C:\Users\ben\AppData\Local\Programs\Python\Python39\;C:\Program Files (x86)\Common Files\Oracle\Java\javapath;C:\ProgramData\Oracle\Java\javapath;C:\WINDOWS\system32;C:\WINDOWS;C:\WINDOWS\System32\Wbem;C:\WINDOWS\System32\WindowsPowerShell\v1.0\;C:\FPC\3.0.0\bin\i386-Win32;C:\FPC\2.6.4\bin\i386-Win32;C:\Algo\bin\i386-Win32;C:\WINDOWS\System32\OpenSSH\;C:\Program Files\Java\jdk-10.0.2\bin;C:\Program Files\Java\jre-10.0.2\bin;C:\Program Files\Git\cmd;C:\Program Files\Notepad++;C:\Program Files\Perforce;C:\xampp\php;C:\ProgramData\ComposerSetup\bin;C:\xampp\htdocs\IGL;C:\Program Files\Microsoft Network Monitor 3\;C:\Users\ben\AppData\Local\Android\Sdk\tools\bin;C:\Users\ben\AppData\Local\Android\Sdk\platform-tools;C:\flutter\bin;C:\Program Files\Docker\Docker\resources\bin;C:\ProgramData\DockerDesktop\version-bin;C:\Program Files (x86)\nodejs\;C:\ProgramData\chocolatey\bin;C:\Program Files\PostgreSQL\13\bin;C:\Program Files\PostgreSQL\13\lib;C:\Users\ben\AppData\Local\Microsoft\WindowsApps;C:\Users\ben\AppData\Roaming\Composer\vendor\bin;C:\Users\ben\AppData\Local\Programs\Microsoft VS Code\bin;C:\Users\ben\AppData\Local\GitHubDesktop\bin;C:\flutter\bin;C:\Program Files\JetBrains\IntelliJ IDEA 2020.3\bin;;C:\rtools40\usr\bin;D:\sonarQube\sonar-scanner\bin;D:\SCHOOL\SIL2\S1\done\Outils\TPs\Gradle\gradle-5.6\bin;C:\Users\ben\AppData\Local\Microsoft\WindowsApps;C:\Program Files\JetBrains\IntelliJ IDEA Community Edition 2020.3.3\bin;;C:\Users\ben\AppData\Roaming\npm;C:\Program Files\PostgreSQL\13\bin;C:\Program Files\PostgreSQL\13\lib;C:\Program Files\heroku\bin
USERNAME=ben
OS=Windows_NT
PROCESSOR_IDENTIFIER=Intel64 Family 6 Model 69 Stepping 1, GenuineIntel



---------------  S Y S T E M  ---------------

OS: Windows 10.0 , 64 bit Build 19041 (10.0.19041.928)

CPU:total 4 (initial active 4) (2 cores per cpu, 2 threads per core) family 6 model 69 stepping 1, cmov, cx8, fxsr, mmx, sse, sse2, sse3, ssse3, sse4.1, sse4.2, popcnt, avx, avx2, aes, clmul, erms, lzcnt, ht, tsc, tscinvbit, bmi1, bmi2

Memory: 4k page, physical 8264288k(723336k free), swap 14982512k(6068k free)

vm_info: OpenJDK 64-Bit Server VM (25.242-b01) for windows-amd64 JRE (1.8.0_242-release-1644-b01), built by "builder" with MS VC++ 10.0 (VS2010)

time: Mon Jun 14 15:25:51 2021
timezone: Afr. centrale Ouest
elapsed time: 0 seconds (0d 0h 0m 0s)

