#
# There is insufficient memory for the Java Runtime Environment to continue.
# Native memory allocation (malloc) failed to allocate 1228880 bytes for Chunk::new
# Possible reasons:
#   The system is out of physical RAM or swap space
#   The process is running with CompressedOops enabled, and the Java Heap may be blocking the growth of the native heap
# Possible solutions:
#   Reduce memory load on the system
#   Increase physical memory or swap space
#   Check if swap backing store is full
#   Decrease Java heap size (-Xmx/-Xms)
#   Decrease number of Java threads
#   Decrease Java thread stack sizes (-Xss)
#   Set larger code cache with -XX:ReservedCodeCacheSize=
#   JVM is running with Unscaled Compressed Oops mode in which the Java heap is
#     placed in the first 4GB address space. The Java Heap base address is the
#     maximum limit for the native heap growth. Please use -XX:HeapBaseMinAddress
#     to set the Java Heap base and to place the Java Heap above 4GB virtual address.
# This output file may be truncated or incomplete.
#
#  Out of Memory Error (allocation.cpp:389), pid=7288, tid=0x00000000000031f4
#
# JRE version: OpenJDK Runtime Environment (8.0_242-b01) (build 1.8.0_242-release-1644-b01)
# Java VM: OpenJDK 64-Bit Server VM (25.242-b01 mixed mode windows-amd64 compressed oops)
# Failed to write core dump. Minidumps are not enabled by default on client versions of Windows
#

---------------  T H R E A D  ---------------

Current thread (0x0000000017338800):  JavaThread "C2 CompilerThread0" daemon [_thread_in_native, id=12788, stack(0x00000000189c0000,0x0000000018ac0000)]

Stack: [0x00000000189c0000,0x0000000018ac0000]
[error occurred during error reporting (printing stack bounds), id 0xc0000005]

Native frames: (J=compiled Java code, j=interpreted, Vv=VM code, C=native code)


Current CompileTask:
C2:  11506 6734       4       org.jetbrains.kotlin.resolve.lazy.ForceResolveUtil::doForceResolveAllContents (206 bytes)


---------------  P R O C E S S  ---------------

Java Threads: ( => current thread )
  0x0000000018cf6800 JavaThread "Service Thread" daemon [_thread_blocked, id=7836, stack(0x00000000190c0000,0x00000000191c0000)]
  0x000000001734a800 JavaThread "C1 CompilerThread2" daemon [_thread_in_vm, id=15040, stack(0x0000000018bc0000,0x0000000018cc0000)]
  0x000000001733c800 JavaThread "C2 CompilerThread1" daemon [_thread_in_native, id=14620, stack(0x0000000018ac0000,0x0000000018bc0000)]
=>0x0000000017338800 JavaThread "C2 CompilerThread0" daemon [_thread_in_native, id=12788, stack(0x00000000189c0000,0x0000000018ac0000)]
  0x0000000017337800 JavaThread "Attach Listener" daemon [_thread_blocked, id=18072, stack(0x00000000188c0000,0x00000000189c0000)]
  0x0000000017334000 JavaThread "Signal Dispatcher" daemon [_thread_blocked, id=18332, stack(0x00000000187c0000,0x00000000188c0000)]
  0x0000000002808800 JavaThread "Finalizer" daemon [_thread_blocked, id=10656, stack(0x0000000018590000,0x0000000018690000)]
  0x0000000017319000 JavaThread "Reference Handler" daemon [_thread_blocked, id=10580, stack(0x0000000018490000,0x0000000018590000)]
  0x0000000002713000 JavaThread "main" [_thread_in_Java, id=1560, stack(0x0000000002530000,0x0000000002630000)]

Other Threads:
  0x00000000172f6800 VMThread [stack: 0x0000000018390000,0x0000000018490000] [id=1720]
  0x0000000018cf8800 WatcherThread [stack: 0x00000000191c0000,0x00000000192c0000] [id=11584]

VM state:not at safepoint (normal execution)

VM Mutex/Monitor currently owned by a thread:  ([mutex/lock_event])
[0x00000000027109d0] CompiledIC_lock - owner thread: 0x000000001734a800

heap address: 0x0000000081e00000, size: 2018 MB, Compressed Oops mode: 32-bit
Narrow klass base: 0x0000000000000000, Narrow klass shift: 3
Compressed class space size: 1073741824 Address: 0x0000000100000000

Heap:
 PSYoungGen      total 102400K, used 49792K [0x00000000d5f80000, 0x00000000ddc00000, 0x0000000100000000)
  eden space 77312K, 31% used [0x00000000d5f80000,0x00000000d77a51c8,0x00000000dab00000)
  from space 25088K, 99% used [0x00000000dab00000,0x00000000dc37b190,0x00000000dc380000)
  to   space 23552K, 0% used [0x00000000dc380000,0x00000000dc380000,0x00000000dda80000)
 ParOldGen       total 148992K, used 41502K [0x0000000081e00000, 0x000000008af80000, 0x00000000d5f80000)
  object space 148992K, 27% used [0x0000000081e00000,0x0000000084687820,0x000000008af80000)
 Metaspace       used 53674K, capacity 54570K, committed 55000K, reserved 1097728K
  class space    used 6368K, capacity 6631K, committed 6656K, reserved 1048576K

Card table byte_map: [0x0000000011bd0000,0x0000000011fd0000] byte_map_base: 0x00000000117c1000

Marking Bits: (ParMarkBitMap*) 0x000000007426f030
 Begin Bits: [0x0000000012680000, 0x0000000014608000)
 End Bits:   [0x0000000014608000, 0x0000000016590000)

Polling page: 0x0000000000870000

CodeCache: size=245760Kb used=22723Kb max_used=24017Kb free=223036Kb
 bounds [0x0000000002810000, 0x0000000003fd0000, 0x0000000011810000]
 total_blobs=6748 nmethods=6213 adapters=447
 compilation: enabled

Compilation events (10 events):
Event: 11.499 Thread 0x000000001734a800 6922       3       org.jetbrains.kotlin.resolve.calls.callResolverUtil.CallResolverUtilKt::isOrOverridesSynthesized (120 bytes)
Event: 11.500 Thread 0x000000001734a800 nmethod 6922 0x0000000003131950 code [0x0000000003131be0, 0x0000000003132ae8]
Event: 11.501 Thread 0x000000001734a800 6925       3       org.jetbrains.kotlin.types.checker.KotlinTypeRefinerKt::getREFINER_CAPABILITY (4 bytes)
Event: 11.501 Thread 0x000000001734a800 nmethod 6925 0x0000000002fe1850 code [0x0000000002fe19a0, 0x0000000002fe1ad0]
Event: 11.502 Thread 0x000000001734a800 6923       3       org.jetbrains.kotlin.resolve.DescriptorUtils::isClassOrEnumClass (20 bytes)
Event: 11.502 Thread 0x000000001734a800 nmethod 6923 0x0000000002e3e2d0 code [0x0000000002e3e460, 0x0000000002e3e758]
Event: 11.504 Thread 0x000000001734a800 6924       1       org.jetbrains.kotlin.codegen.state.GenerationState::getJvmDefaultMode (5 bytes)
Event: 11.504 Thread 0x000000001734a800 nmethod 6924 0x0000000003248550 code [0x00000000032486a0, 0x00000000032487b0]
Event: 11.505 Thread 0x000000001734a800 6928       3       org.jetbrains.kotlin.resolve.DescriptorUtils::isInterface (8 bytes)
Event: 11.505 Thread 0x000000001734a800 nmethod 6928 0x0000000002afcd50 code [0x0000000002afcee0, 0x0000000002afd3e8]

GC Heap History (10 events):
Event: 4.422 GC heap before
{Heap before GC invocations=7 (full 1):
 PSYoungGen      total 63488K, used 20313K [0x00000000d5f80000, 0x00000000dc680000, 0x0000000100000000)
  eden space 58368K, 26% used [0x00000000d5f80000,0x00000000d6e5de88,0x00000000d9880000)
  from space 5120K, 99% used [0x00000000da080000,0x00000000da578880,0x00000000da580000)
  to   space 23552K, 0% used [0x00000000daf80000,0x00000000daf80000,0x00000000dc680000)
 ParOldGen       total 95744K, used 34871K [0x0000000081e00000, 0x0000000087b80000, 0x00000000d5f80000)
  object space 95744K, 36% used [0x0000000081e00000,0x000000008400dd98,0x0000000087b80000)
 Metaspace       used 34514K, capacity 35074K, committed 35416K, reserved 1081344K
  class space    used 4308K, capacity 4476K, committed 4480K, reserved 1048576K
Event: 4.435 GC heap after
Heap after GC invocations=7 (full 1):
 PSYoungGen      total 82944K, used 9696K [0x00000000d5f80000, 0x00000000dd980000, 0x0000000100000000)
  eden space 59392K, 0% used [0x00000000d5f80000,0x00000000d5f80000,0x00000000d9980000)
  from space 23552K, 41% used [0x00000000daf80000,0x00000000db8f80b0,0x00000000dc680000)
  to   space 22528K, 0% used [0x00000000d9980000,0x00000000d9980000,0x00000000daf80000)
 ParOldGen       total 95744K, used 34879K [0x0000000081e00000, 0x0000000087b80000, 0x00000000d5f80000)
  object space 95744K, 36% used [0x0000000081e00000,0x000000008400fd98,0x0000000087b80000)
 Metaspace       used 34514K, capacity 35074K, committed 35416K, reserved 1081344K
  class space    used 4308K, capacity 4476K, committed 4480K, reserved 1048576K
}
Event: 4.435 GC heap before
{Heap before GC invocations=8 (full 2):
 PSYoungGen      total 82944K, used 9696K [0x00000000d5f80000, 0x00000000dd980000, 0x0000000100000000)
  eden space 59392K, 0% used [0x00000000d5f80000,0x00000000d5f80000,0x00000000d9980000)
  from space 23552K, 41% used [0x00000000daf80000,0x00000000db8f80b0,0x00000000dc680000)
  to   space 22528K, 0% used [0x00000000d9980000,0x00000000d9980000,0x00000000daf80000)
 ParOldGen       total 95744K, used 34879K [0x0000000081e00000, 0x0000000087b80000, 0x00000000d5f80000)
  object space 95744K, 36% used [0x0000000081e00000,0x000000008400fd98,0x0000000087b80000)
 Metaspace       used 34514K, capacity 35074K, committed 35416K, reserved 1081344K
  class space    used 4308K, capacity 4476K, committed 4480K, reserved 1048576K
Event: 4.561 GC heap after
Heap after GC invocations=8 (full 2):
 PSYoungGen      total 82944K, used 0K [0x00000000d5f80000, 0x00000000dd980000, 0x0000000100000000)
  eden space 59392K, 0% used [0x00000000d5f80000,0x00000000d5f80000,0x00000000d9980000)
  from space 23552K, 0% used [0x00000000daf80000,0x00000000daf80000,0x00000000dc680000)
  to   space 22528K, 0% used [0x00000000d9980000,0x00000000d9980000,0x00000000daf80000)
 ParOldGen       total 148992K, used 39078K [0x0000000081e00000, 0x000000008af80000, 0x00000000d5f80000)
  object space 148992K, 26% used [0x0000000081e00000,0x00000000844299f0,0x000000008af80000)
 Metaspace       used 34514K, capacity 35074K, committed 35416K, reserved 1081344K
  class space    used 4308K, capacity 4476K, committed 4480K, reserved 1048576K
}
Event: 6.048 GC heap before
{Heap before GC invocations=9 (full 2):
 PSYoungGen      total 82944K, used 59392K [0x00000000d5f80000, 0x00000000dd980000, 0x0000000100000000)
  eden space 59392K, 100% used [0x00000000d5f80000,0x00000000d9980000,0x00000000d9980000)
  from space 23552K, 0% used [0x00000000daf80000,0x00000000daf80000,0x00000000dc680000)
  to   space 22528K, 0% used [0x00000000d9980000,0x00000000d9980000,0x00000000daf80000)
 ParOldGen       total 148992K, used 39078K [0x0000000081e00000, 0x000000008af80000, 0x00000000d5f80000)
  object space 148992K, 26% used [0x0000000081e00000,0x00000000844299f0,0x000000008af80000)
 Metaspace       used 40519K, capacity 41192K, committed 41560K, reserved 1085440K
  class space    used 4963K, capacity 5150K, committed 5248K, reserved 1048576K
Event: 6.072 GC heap after
Heap after GC invocations=9 (full 2):
 PSYoungGen      total 81920K, used 17132K [0x00000000d5f80000, 0x00000000dda80000, 0x0000000100000000)
  eden space 59392K, 0% used [0x00000000d5f80000,0x00000000d5f80000,0x00000000d9980000)
  from space 22528K, 76% used [0x00000000d9980000,0x00000000daa3b368,0x00000000daf80000)
  to   space 23552K, 0% used [0x00000000dc380000,0x00000000dc380000,0x00000000dda80000)
 ParOldGen       total 148992K, used 39078K [0x0000000081e00000, 0x000000008af80000, 0x00000000d5f80000)
  object space 148992K, 26% used [0x0000000081e00000,0x00000000844299f0,0x000000008af80000)
 Metaspace       used 40519K, capacity 41192K, committed 41560K, reserved 1085440K
  class space    used 4963K, capacity 5150K, committed 5248K, reserved 1048576K
}
Event: 8.009 GC heap before
{Heap before GC invocations=10 (full 2):
 PSYoungGen      total 81920K, used 76524K [0x00000000d5f80000, 0x00000000dda80000, 0x0000000100000000)
  eden space 59392K, 100% used [0x00000000d5f80000,0x00000000d9980000,0x00000000d9980000)
  from space 22528K, 76% used [0x00000000d9980000,0x00000000daa3b368,0x00000000daf80000)
  to   space 23552K, 0% used [0x00000000dc380000,0x00000000dc380000,0x00000000dda80000)
 ParOldGen       total 148992K, used 39078K [0x0000000081e00000, 0x000000008af80000, 0x00000000d5f80000)
  object space 148992K, 26% used [0x0000000081e00000,0x00000000844299f0,0x000000008af80000)
 Metaspace       used 47803K, capacity 48616K, committed 49112K, reserved 1091584K
  class space    used 5846K, capacity 6068K, committed 6144K, reserved 1048576K
Event: 8.036 GC heap after
Heap after GC invocations=10 (full 2):
 PSYoungGen      total 100864K, used 19586K [0x00000000d5f80000, 0x00000000ddc00000, 0x0000000100000000)
  eden space 77312K, 0% used [0x00000000d5f80000,0x00000000d5f80000,0x00000000dab00000)
  from space 23552K, 83% used [0x00000000dc380000,0x00000000dd6a0838,0x00000000dda80000)
  to   space 25088K, 0% used [0x00000000dab00000,0x00000000dab00000,0x00000000dc380000)
 ParOldGen       total 148992K, used 39086K [0x0000000081e00000, 0x000000008af80000, 0x00000000d5f80000)
  object space 148992K, 26% used [0x0000000081e00000,0x000000008442b9f0,0x000000008af80000)
 Metaspace       used 47803K, capacity 48616K, committed 49112K, reserved 1091584K
  class space    used 5846K, capacity 6068K, committed 6144K, reserved 1048576K
}
Event: 10.565 GC heap before
{Heap before GC invocations=11 (full 2):
 PSYoungGen      total 100864K, used 96898K [0x00000000d5f80000, 0x00000000ddc00000, 0x0000000100000000)
  eden space 77312K, 100% used [0x00000000d5f80000,0x00000000dab00000,0x00000000dab00000)
  from space 23552K, 83% used [0x00000000dc380000,0x00000000dd6a0838,0x00000000dda80000)
  to   space 25088K, 0% used [0x00000000dab00000,0x00000000dab00000,0x00000000dc380000)
 ParOldGen       total 148992K, used 39086K [0x0000000081e00000, 0x000000008af80000, 0x00000000d5f80000)
  object space 148992K, 26% used [0x0000000081e00000,0x000000008442b9f0,0x000000008af80000)
 Metaspace       used 51033K, capacity 51972K, committed 52184K, reserved 1095680K
  class space    used 6128K, capacity 6392K, committed 6400K, reserved 1048576K
Event: 10.615 GC heap after
Heap after GC invocations=11 (full 2):
 PSYoungGen      total 102400K, used 25068K [0x00000000d5f80000, 0x00000000ddc00000, 0x0000000100000000)
  eden space 77312K, 0% used [0x00000000d5f80000,0x00000000d5f80000,0x00000000dab00000)
  from space 25088K, 99% used [0x00000000dab00000,0x00000000dc37b190,0x00000000dc380000)
  to   space 23552K, 0% used [0x00000000dc380000,0x00000000dc380000,0x00000000dda80000)
 ParOldGen       total 148992K, used 41502K [0x0000000081e00000, 0x000000008af80000, 0x00000000d5f80000)
  object space 148992K, 27% used [0x0000000081e00000,0x0000000084687820,0x000000008af80000)
 Metaspace       used 51033K, capacity 51972K, committed 52184K, reserved 1095680K
  class space    used 6128K, capacity 6392K, committed 6400K, reserved 1048576K
}

Deoptimization events (10 events):
Event: 11.218 Thread 0x0000000002713000 Uncommon trap: reason=class_check action=maybe_recompile pc=0x0000000003dd260c method=org.jetbrains.kotlin.cli.jvm.index.JvmDependenciesIndexImpl.search(Lorg/jetbrains/kotlin/cli/jvm/index/JvmDependenciesIndexImpl$SearchRequest;Lkotlin/jvm/functions/Funct
Event: 11.225 Thread 0x0000000002713000 Uncommon trap: reason=speculate_class_check action=maybe_recompile pc=0x0000000003c9d410 method=java.util.RegularEnumSet.contains(Ljava/lang/Object;)Z @ 38
Event: 11.252 Thread 0x0000000002713000 Uncommon trap: reason=bimorphic action=maybe_recompile pc=0x00000000036b5b8c method=org.jetbrains.kotlin.storage.LockBasedStorageManager$LockBasedLazyValue.invoke()Ljava/lang/Object; @ 181
Event: 11.370 Thread 0x0000000002713000 Uncommon trap: reason=class_check action=maybe_recompile pc=0x00000000034edf24 method=java.util.regex.Matcher.search(I)Z @ 86
Event: 11.370 Thread 0x0000000002713000 Uncommon trap: reason=class_check action=maybe_recompile pc=0x00000000034edf24 method=java.util.regex.Matcher.search(I)Z @ 86
Event: 11.370 Thread 0x0000000002713000 Uncommon trap: reason=class_check action=maybe_recompile pc=0x00000000034edf24 method=java.util.regex.Matcher.search(I)Z @ 86
Event: 11.370 Thread 0x0000000002713000 Uncommon trap: reason=class_check action=maybe_recompile pc=0x00000000034edf24 method=java.util.regex.Matcher.search(I)Z @ 86
Event: 11.440 Thread 0x0000000002713000 Uncommon trap: reason=bimorphic action=maybe_recompile pc=0x0000000003800914 method=org.jetbrains.kotlin.storage.LockBasedStorageManager$MapBasedMemoizedFunction.invoke(Ljava/lang/Object;)Ljava/lang/Object; @ 235
Event: 11.469 Thread 0x0000000002713000 Uncommon trap: reason=unstable_if action=reinterpret pc=0x0000000002b08d54 method=org.jetbrains.org.objectweb.asm.MethodVisitor.visitEnd()V @ 4
Event: 11.492 Thread 0x0000000002713000 Uncommon trap: reason=bimorphic action=maybe_recompile pc=0x0000000003800914 method=org.jetbrains.kotlin.storage.LockBasedStorageManager$MapBasedMemoizedFunction.invoke(Ljava/lang/Object;)Ljava/lang/Object; @ 235

Classes redefined (0 events):
No events

Internal exceptions (10 events):
Event: 7.910 Thread 0x0000000002713000 Exception <a 'java/lang/NoSuchMethodError': java.lang.Object.lambda$static$0(I)[Lorg/jetbrains/kotlin/com/intellij/psi/PsiTypeElement;> (0x00000000d96bf3d0) thrown at [C:\src\AOSP-openjdk-git\hotspot\src\share\vm\interpreter\linkResolver.cpp, line 620]
Event: 7.919 Thread 0x0000000002713000 Exception <a 'java/lang/NoSuchMethodError': java.lang.Object.lambda$static$0(I)[Lorg/jetbrains/kotlin/com/intellij/psi/PsiTypeParameter;> (0x00000000d975b4b0) thrown at [C:\src\AOSP-openjdk-git\hotspot\src\share\vm\interpreter\linkResolver.cpp, line 620]
Event: 8.575 Thread 0x0000000002713000 Implicit null exception at 0x00000000038aec9a to 0x00000000038af725
Event: 8.585 Thread 0x0000000002713000 Implicit null exception at 0x0000000002eeb869 to 0x0000000002eec7f5
Event: 8.585 Thread 0x0000000002713000 Implicit null exception at 0x0000000002c4cf7b to 0x0000000002c4d54d
Event: 8.602 Thread 0x0000000002713000 Exception <a 'java/lang/IncompatibleClassChangeError': Found class java.lang.Object, but interface was expected> (0x00000000d730cf18) thrown at [C:\src\AOSP-openjdk-git\hotspot\src\share\vm\interpreter\linkResolver.cpp, line 653]
Event: 8.615 Thread 0x0000000002713000 Implicit null exception at 0x0000000002ac02d6 to 0x0000000002ac0671
Event: 8.736 Thread 0x0000000002713000 Implicit null exception at 0x0000000002a28a97 to 0x0000000002a28ea5
Event: 11.167 Thread 0x0000000002713000 Implicit null exception at 0x0000000003a163d3 to 0x0000000003a16571
Event: 11.479 Thread 0x0000000002713000 Exception <a 'java/lang/NoSuchMethodError': java.lang.Object.lambda$static$0(Lorg/jetbrains/kotlin/descriptors/ValueParameterDescriptor;Lorg/jetbrains/kotlin/codegen/ExpressionCodegen;)Lorg/jetbrains/kotlin/codegen/StackValue;> (0x00000000d75c3060) thrown

Events (10 events):
Event: 11.492 Thread 0x0000000002713000 Uncommon trap: trap_request=0xffffffc6 fr.pc=0x0000000003800914
Event: 11.492 Thread 0x0000000002713000 DEOPT PACKING pc=0x0000000003800914 sp=0x000000000262ddb0
Event: 11.492 Thread 0x0000000002713000 DEOPT UNPACKING pc=0x000000000285557b sp=0x000000000262dd48 mode 2
Event: 11.492 loading class org/jetbrains/kotlin/psi/synthetics/SyntheticClassOrObjectDescriptor
Event: 11.492 loading class org/jetbrains/kotlin/psi/synthetics/SyntheticClassOrObjectDescriptor done
Event: 11.496 Thread 0x000000001734a800 flushing nmethod 0x00000000030bfd50
Event: 11.496 Thread 0x000000001734a800 flushing nmethod 0x00000000030c8250
Event: 11.496 Thread 0x000000001734a800 flushing nmethod 0x0000000003154010
Event: 11.496 Thread 0x000000001734a800 flushing nmethod 0x00000000031a17d0
Event: 11.503 Thread 0x000000001734a800 flushing nmethod 0x0000000003838690


Dynamic libraries:
0x00007ff79b1a0000 - 0x00007ff79b1d1000 	C:\Program Files\Android\Android Studio\jre\jre\bin\java.exe
0x00007ff94a7b0000 - 0x00007ff94a9a5000 	C:\WINDOWS\SYSTEM32\ntdll.dll
0x00007ff948fb0000 - 0x00007ff94906d000 	C:\WINDOWS\System32\KERNEL32.DLL
0x00007ff948140000 - 0x00007ff948408000 	C:\WINDOWS\System32\KERNELBASE.dll
0x00007ff949ba0000 - 0x00007ff949c4c000 	C:\WINDOWS\System32\ADVAPI32.dll
0x00007ff9492b0000 - 0x00007ff94934e000 	C:\WINDOWS\System32\msvcrt.dll
0x00007ff9489a0000 - 0x00007ff948a3b000 	C:\WINDOWS\System32\sechost.dll
0x00007ff948810000 - 0x00007ff94893b000 	C:\WINDOWS\System32\RPCRT4.dll
0x00007ff948b50000 - 0x00007ff948cf0000 	C:\WINDOWS\System32\USER32.dll
0x00007ff948110000 - 0x00007ff948132000 	C:\WINDOWS\System32\win32u.dll
0x00007ff949070000 - 0x00007ff94909a000 	C:\WINDOWS\System32\GDI32.dll
0x00007ff9486b0000 - 0x00007ff9487bb000 	C:\WINDOWS\System32\gdi32full.dll
0x00007ff947f70000 - 0x00007ff94800d000 	C:\WINDOWS\System32\msvcp_win.dll
0x00007ff948010000 - 0x00007ff948110000 	C:\WINDOWS\System32\ucrtbase.dll
0x00007ff936a10000 - 0x00007ff936caa000 	C:\WINDOWS\WinSxS\amd64_microsoft.windows.common-controls_6595b64144ccf1df_6.0.19041.844_none_ca00b6081b84eb1d\COMCTL32.dll
0x00007ff948e20000 - 0x00007ff948e50000 	C:\WINDOWS\System32\IMM32.DLL
0x00000000738e0000 - 0x00000000739b2000 	C:\Program Files\Android\Android Studio\jre\jre\bin\msvcr100.dll
0x0000000073aa0000 - 0x00000000742eb000 	C:\Program Files\Android\Android Studio\jre\jre\bin\server\jvm.dll
0x00007ff949c50000 - 0x00007ff949c58000 	C:\WINDOWS\System32\PSAPI.DLL
0x00007ff92e920000 - 0x00007ff92e929000 	C:\WINDOWS\SYSTEM32\WSOCK32.dll
0x00007ff93b080000 - 0x00007ff93b0a7000 	C:\WINDOWS\SYSTEM32\WINMM.dll
0x00007ff949e50000 - 0x00007ff949ebb000 	C:\WINDOWS\System32\WS2_32.dll
0x00007ff93bf50000 - 0x00007ff93bf5a000 	C:\WINDOWS\SYSTEM32\VERSION.dll
0x00007ff9264d0000 - 0x00007ff9264df000 	C:\Program Files\Android\Android Studio\jre\jre\bin\verify.dll
0x00007ff925390000 - 0x00007ff9253b9000 	C:\Program Files\Android\Android Studio\jre\jre\bin\java.dll
0x00007ff924e70000 - 0x00007ff924e86000 	C:\Program Files\Android\Android Studio\jre\jre\bin\zip.dll
0x00007ff9493d0000 - 0x00007ff949b12000 	C:\WINDOWS\System32\SHELL32.dll
0x00007ff946000000 - 0x00007ff946790000 	C:\WINDOWS\SYSTEM32\windows.storage.dll
0x00007ff949fa0000 - 0x00007ff94a2f5000 	C:\WINDOWS\System32\combase.dll
0x00007ff947890000 - 0x00007ff9478bc000 	C:\WINDOWS\SYSTEM32\Wldp.dll
0x00007ff948aa0000 - 0x00007ff948b4e000 	C:\WINDOWS\System32\SHCORE.dll
0x00007ff948a40000 - 0x00007ff948a95000 	C:\WINDOWS\System32\shlwapi.dll
0x00007ff947e30000 - 0x00007ff947e4f000 	C:\WINDOWS\SYSTEM32\profapi.dll
0x00007ff91b5e0000 - 0x00007ff91b5fa000 	C:\Program Files\Android\Android Studio\jre\jre\bin\net.dll
0x00007ff947670000 - 0x00007ff9476da000 	C:\WINDOWS\system32\mswsock.dll
0x00007ff91b5c0000 - 0x00007ff91b5d3000 	C:\Program Files\Android\Android Studio\jre\jre\bin\nio.dll

VM Arguments:
java_command: org.jetbrains.kotlin.cli.jvm.K2JVMCompiler @D:\SCHOOL\SIL2\S2\TDM1\projet_tdm_patient\app\build\20210614_8231253799381093075.compiler.options
java_class_path (initial): C:\Users\ben\.gradle\caches\modules-2\files-2.1\org.jetbrains.kotlin\kotlin-compiler-embeddable\1.4.32\b4fc9be460ca88eecea2303e142ce2920bd14775\kotlin-compiler-embeddable-1.4.32.jar;C:\Users\ben\.gradle\caches\modules-2\files-2.1\org.jetbrains.kotlin\kotlin-reflect\1.4.32\ce852b166d97f0f1991b5130c2bb02e2ef6c554e\kotlin-reflect-1.4.32.jar;C:\Users\ben\.gradle\caches\modules-2\files-2.1\org.jetbrains.kotlin\kotlin-stdlib\1.4.32\461367948840adbb0839c51d91ed74ef4a9ccb52\kotlin-stdlib-1.4.32.jar;C:\Users\ben\.gradle\caches\modules-2\files-2.1\org.jetbrains.kotlin\kotlin-script-runtime\1.4.32\bac50b0748be017dbc13fc1cb7231b1c9da0e106\kotlin-script-runtime-1.4.32.jar;C:\Users\ben\.gradle\caches\modules-2\files-2.1\org.jetbrains.kotlin\kotlin-daemon-embeddable\1.4.32\b40c5de5adea26ebb4e5fc36945c482ac20acee2\kotlin-daemon-embeddable-1.4.32.jar;C:\Users\ben\.gradle\caches\modules-2\files-2.1\org.jetbrains.intellij.deps\trove4j\1.0.20181211\216c2e14b070f334479d800987affe4054cd563f\trove4j-1.0.20181211.jar;C:\Users\ben\.gradle\caches\modules-2\files-2.1\org.jetbrains.kotlin\kotlin-stdlib-common\1.4.32\ef50bfa2c0491a11dcc35d9822edbfd6170e1ea2\kotlin-stdlib-common-1.4.32.jar;C:\Users\ben\.gradle\caches\modules-2\files-2.1\org.jetbrains\annotations\13.0\919f0dfe192fb4e063e7dacadee7f8bb9a2672a9\annotations-13.0.jar;C:\Program Files\Android\Android Studio\jre\lib\tools.jar
Launcher Type: SUN_STANDARD

Environment Variables:
JAVA_HOME=C:\Program Files\Java\jdk-10.0.2
PATH=C:\Users\ben\AppData\Local\Programs\Python\Python39\Scripts\;C:\Users\ben\AppData\Local\Programs\Python\Python39\;C:\Program Files (x86)\Common Files\Oracle\Java\javapath;C:\ProgramData\Oracle\Java\javapath;C:\WINDOWS\system32;C:\WINDOWS;C:\WINDOWS\System32\Wbem;C:\WINDOWS\System32\WindowsPowerShell\v1.0\;C:\FPC\3.0.0\bin\i386-Win32;C:\FPC\2.6.4\bin\i386-Win32;C:\Algo\bin\i386-Win32;C:\WINDOWS\System32\OpenSSH\;C:\Program Files\Java\jdk-10.0.2\bin;C:\Program Files\Java\jre-10.0.2\bin;C:\Program Files\Git\cmd;C:\Program Files\Notepad++;C:\Program Files\Perforce;C:\xampp\php;C:\ProgramData\ComposerSetup\bin;C:\xampp\htdocs\IGL;C:\Program Files\Microsoft Network Monitor 3\;C:\Users\ben\AppData\Local\Android\Sdk\tools\bin;C:\Users\ben\AppData\Local\Android\Sdk\platform-tools;C:\flutter\bin;C:\Program Files\Docker\Docker\resources\bin;C:\ProgramData\DockerDesktop\version-bin;C:\Program Files (x86)\nodejs\;C:\ProgramData\chocolatey\bin;C:\Program Files\PostgreSQL\13\bin;C:\Program Files\PostgreSQL\13\lib;C:\Users\ben\AppData\Local\Microsoft\WindowsApps;C:\Users\ben\AppData\Roaming\Composer\vendor\bin;C:\Users\ben\AppData\Local\Programs\Microsoft VS Code\bin;C:\Users\ben\AppData\Local\GitHubDesktop\bin;C:\flutter\bin;C:\Program Files\JetBrains\IntelliJ IDEA 2020.3\bin;;C:\rtools40\usr\bin;D:\sonarQube\sonar-scanner\bin;D:\SCHOOL\SIL2\S1\done\Outils\TPs\Gradle\gradle-5.6\bin;C:\Users\ben\AppData\Local\Microsoft\WindowsApps;C:\Program Files\JetBrains\IntelliJ IDEA Community Edition 2020.3.3\bin;;C:\Users\ben\AppData\Roaming\npm;C:\Program Files\PostgreSQL\13\bin;C:\Program Files\PostgreSQL\13\lib;C:\Program Files\heroku\bin
USERNAME=ben
OS=Windows_NT
PROCESSOR_IDENTIFIER=Intel64 Family 6 Model 69 Stepping 1, GenuineIntel



---------------  S Y S T E M  ---------------

OS: Windows 10.0 , 64 bit Build 19041 (10.0.19041.928)

CPU:total 4 (initial active 4) (2 cores per cpu, 2 threads per core) family 6 model 69 stepping 1, cmov, cx8, fxsr, mmx, sse, sse2, sse3, ssse3, sse4.1, sse4.2, popcnt, avx, avx2, aes, clmul, erms, lzcnt, ht, tsc, tscinvbit, bmi1, bmi2

Memory: 4k page, physical 8264288k(607480k free), swap 14982512k(5296k free)

vm_info: OpenJDK 64-Bit Server VM (25.242-b01) for windows-amd64 JRE (1.8.0_242-release-1644-b01), built by "builder" with MS VC++ 10.0 (VS2010)

time: Mon Jun 14 15:32:45 2021
timezone: Afr. centrale Ouest
elapsed time: 11 seconds (0d 0h 0m 11s)

